mode: set
code.cloudfoundry.org/cf-k8s-api/routes/routes.go:22.56,23.52 1 1
code.cloudfoundry.org/cf-k8s-api/routes/routes.go:26.2,27.70 2 1
code.cloudfoundry.org/cf-k8s-api/routes/routes.go:23.52,24.38 1 1
code.cloudfoundry.org/cf-k8s-api/apis/root_api.go:9.78,15.2 3 1
code.cloudfoundry.org/cf-k8s-api/apis/root_v3_api.go:11.82,14.2 2 1
code.cloudfoundry.org/cf-k8s-api/apis/apps_api.go:18.78,27.16 5 0
code.cloudfoundry.org/cf-k8s-api/apis/apps_api.go:30.2,30.62 1 0
code.cloudfoundry.org/cf-k8s-api/apis/apps_api.go:27.16,29.3 1 0
code.cloudfoundry.org/cf-k8s-api/fetchers/apps_fetcher.go:20.82,22.16 2 1
code.cloudfoundry.org/cf-k8s-api/fetchers/apps_fetcher.go:28.2,30.16 3 1
code.cloudfoundry.org/cf-k8s-api/fetchers/apps_fetcher.go:33.2,36.30 3 1
code.cloudfoundry.org/cf-k8s-api/fetchers/apps_fetcher.go:42.2,42.23 1 1
code.cloudfoundry.org/cf-k8s-api/fetchers/apps_fetcher.go:48.2,48.42 1 1
code.cloudfoundry.org/cf-k8s-api/fetchers/apps_fetcher.go:22.16,24.3 1 0
code.cloudfoundry.org/cf-k8s-api/fetchers/apps_fetcher.go:30.16,32.3 1 0
code.cloudfoundry.org/cf-k8s-api/fetchers/apps_fetcher.go:36.30,37.26 1 1
code.cloudfoundry.org/cf-k8s-api/fetchers/apps_fetcher.go:37.26,39.4 1 1
code.cloudfoundry.org/cf-k8s-api/fetchers/apps_fetcher.go:42.23,44.3 1 1
code.cloudfoundry.org/cf-k8s-api/fetchers/apps_fetcher.go:44.8,44.29 1 1
code.cloudfoundry.org/cf-k8s-api/fetchers/apps_fetcher.go:44.29,46.3 1 1
